2023-09-24 11:24:21.683  INFO 4652 --- [restartedMain] c.H.HospitalManagementSystemApplication  : Starting HospitalManagementSystemApplication using Java 17.0.5 on Jeet with PID 4652 (C:\Users\kumar\Downloads\Hospital_Management_System\target\classes started by kumar in C:\Users\kumar\Downloads\Hospital_Management_System)
2023-09-24 11:24:21.685  INFO 4652 --- [restartedMain] c.H.HospitalManagementSystemApplication  : No active profile set, falling back to 1 default profile: "default"
2023-09-24 11:24:21.820  INFO 4652 --- [restartedMain] .e.DevToolsPropertyDefaultsPostProcessor : Devtools property defaults active! Set 'spring.devtools.add-properties' to 'false' to disable
2023-09-24 11:24:21.821  INFO 4652 --- [restartedMain] .e.DevToolsPropertyDefaultsPostProcessor : For additional web related logging consider setting the 'logging.level.web' property to 'DEBUG'
2023-09-24 11:24:23.826  INFO 4652 --- [restartedMain] .s.d.r.c.RepositoryConfigurationDelegate : Bootstrapping Spring Data JPA repositories in DEFAULT mode.
2023-09-24 11:24:24.004  INFO 4652 --- [restartedMain] .s.d.r.c.RepositoryConfigurationDelegate : Finished Spring Data repository scanning in 143 ms. Found 7 JPA repository interfaces.
2023-09-24 11:24:25.307  INFO 4652 --- [restartedMain] o.s.b.w.embedded.tomcat.TomcatWebServer  : Tomcat initialized with port(s): 8080 (http)
2023-09-24 11:24:25.330  INFO 4652 --- [restartedMain] o.apache.catalina.core.StandardService   : Starting service [Tomcat]
2023-09-24 11:24:25.331  INFO 4652 --- [restartedMain] org.apache.catalina.core.StandardEngine  : Starting Servlet engine: [Apache Tomcat/9.0.80]
2023-09-24 11:24:25.489  INFO 4652 --- [restartedMain] o.a.c.c.C.[Tomcat].[localhost].[/]       : Initializing Spring embedded WebApplicationContext
2023-09-24 11:24:25.490  INFO 4652 --- [restartedMain] w.s.c.ServletWebServerApplicationContext : Root WebApplicationContext: initialization completed in 3667 ms
2023-09-24 11:24:26.017  INFO 4652 --- [restartedMain] o.hibernate.jpa.internal.util.LogHelper  : HHH000204: Processing PersistenceUnitInfo [name: default]
2023-09-24 11:24:26.126  INFO 4652 --- [restartedMain] org.hibernate.Version                    : HHH000412: Hibernate ORM core version 5.6.15.Final
2023-09-24 11:24:26.507  INFO 4652 --- [restartedMain] o.hibernate.annotations.common.Version   : HCANN000001: Hibernate Commons Annotations {5.1.2.Final}
2023-09-24 11:24:26.703  INFO 4652 --- [restartedMain] com.zaxxer.hikari.HikariDataSource       : HikariPool-1 - Starting...
2023-09-24 11:24:27.182  INFO 4652 --- [restartedMain] com.zaxxer.hikari.HikariDataSource       : HikariPool-1 - Start completed.
2023-09-24 11:24:27.227  INFO 4652 --- [restartedMain] org.hibernate.dialect.Dialect            : HHH000400: Using dialect: org.hibernate.dialect.MySQL8Dialect
2023-09-24 11:24:33.273  INFO 4652 --- [restartedMain] o.h.e.t.j.p.i.JtaPlatformInitiator       : HHH000490: Using JtaPlatform implementation: [org.hibernate.engine.transaction.jta.platform.internal.NoJtaPlatform]
2023-09-24 11:24:33.315  INFO 4652 --- [restartedMain] j.LocalContainerEntityManagerFactoryBean : Initialized JPA EntityManagerFactory for persistence unit 'default'
2023-09-24 11:24:35.334  WARN 4652 --- [restartedMain] JpaBaseConfiguration$JpaWebConfiguration : spring.jpa.open-in-view is enabled by default. Therefore, database queries may be performed during view rendering. Explicitly configure spring.jpa.open-in-view to disable this warning
2023-09-24 11:24:38.599  INFO 4652 --- [restartedMain] o.s.b.d.a.OptionalLiveReloadServer       : LiveReload server is running on port 35729
2023-09-24 11:24:38.615  INFO 4652 --- [restartedMain] o.s.b.a.e.web.EndpointLinksResolver      : Exposing 1 endpoint(s) beneath base path '/actuator'
2023-09-24 11:24:38.735  INFO 4652 --- [restartedMain] o.s.b.w.embedded.tomcat.TomcatWebServer  : Tomcat started on port(s): 8080 (http) with context path ''
2023-09-24 11:24:38.788  INFO 4652 --- [restartedMain] c.H.HospitalManagementSystemApplication  : Started HospitalManagementSystemApplication in 18.048 seconds (JVM running for 18.983)
2023-09-24 11:25:35.241  INFO 4652 --- [http-nio-8080-exec-1] o.a.c.c.C.[Tomcat].[localhost].[/]       : Initializing Spring DispatcherServlet 'dispatcherServlet'
2023-09-24 11:25:35.242  INFO 4652 --- [http-nio-8080-exec-1] o.s.web.servlet.DispatcherServlet        : Initializing Servlet 'dispatcherServlet'
2023-09-24 11:25:35.246  INFO 4652 --- [http-nio-8080-exec-1] o.s.web.servlet.DispatcherServlet        : Completed initialization in 3 ms
2023-09-24 11:25:35.604  INFO 4652 --- [http-nio-8080-exec-1] c.H.controllers.AppointmentController    : Received a request to create a new appointment.
2023-09-24 11:25:35.770 ERROR 4652 --- [http-nio-8080-exec-1] c.H.controllers.AppointmentController    : An error occurred while creating a appointment: Patient not found with ID:1

com.Hospital_Management_System.exceptions.PatientException: Patient not found with ID:1
	at com.Hospital_Management_System.services.impl.AppointmentServiceImpl.lambda$createAppointment$0(AppointmentServiceImpl.java:46) ~[classes/:na]
	at java.base/java.util.Optional.orElseThrow(Optional.java:403) ~[na:na]
	at com.Hospital_Management_System.services.impl.AppointmentServiceImpl.createAppointment(AppointmentServiceImpl.java:45) ~[classes/:na]
	at com.Hospital_Management_System.controllers.AppointmentController.createAppointment(AppointmentController.java:32) ~[classes/:na]
	at java.base/jdk.internal.reflect.NativeMethodAccessorImpl.invoke0(Native Method) ~[na:na]
	at java.base/jdk.internal.reflect.NativeMethodAccessorImpl.invoke(NativeMethodAccessorImpl.java:77) ~[na:na]
	at java.base/jdk.internal.reflect.DelegatingMethodAccessorImpl.invoke(DelegatingMethodAccessorImpl.java:43) ~[na:na]
	at java.base/java.lang.reflect.Method.invoke(Method.java:568) ~[na:na]
	at org.springframework.web.method.support.InvocableHandlerMethod.doInvoke(InvocableHandlerMethod.java:205) ~[spring-web-5.3.30.jar:5.3.30]
	at org.springframework.web.method.support.InvocableHandlerMethod.invokeForRequest(InvocableHandlerMethod.java:150) ~[spring-web-5.3.30.jar:5.3.30]
	at org.springframework.web.servlet.mvc.method.annotation.ServletInvocableHandlerMethod.invokeAndHandle(ServletInvocableHandlerMethod.java:117) ~[spring-webmvc-5.3.30.jar:5.3.30]
	at org.springframework.web.servlet.mvc.method.annotation.RequestMappingHandlerAdapter.invokeHandlerMethod(RequestMappingHandlerAdapter.java:895) ~[spring-webmvc-5.3.30.jar:5.3.30]
	at org.springframework.web.servlet.mvc.method.annotation.RequestMappingHandlerAdapter.handleInternal(RequestMappingHandlerAdapter.java:808) ~[spring-webmvc-5.3.30.jar:5.3.30]
	at org.springframework.web.servlet.mvc.method.AbstractHandlerMethodAdapter.handle(AbstractHandlerMethodAdapter.java:87) ~[spring-webmvc-5.3.30.jar:5.3.30]
	at org.springframework.web.servlet.DispatcherServlet.doDispatch(DispatcherServlet.java:1072) ~[spring-webmvc-5.3.30.jar:5.3.30]
	at org.springframework.web.servlet.DispatcherServlet.doService(DispatcherServlet.java:965) ~[spring-webmvc-5.3.30.jar:5.3.30]
	at org.springframework.web.servlet.FrameworkServlet.processRequest(FrameworkServlet.java:1006) ~[spring-webmvc-5.3.30.jar:5.3.30]
	at org.springframework.web.servlet.FrameworkServlet.doPost(FrameworkServlet.java:909) ~[spring-webmvc-5.3.30.jar:5.3.30]
	at javax.servlet.http.HttpServlet.service(HttpServlet.java:555) ~[tomcat-embed-core-9.0.80.jar:4.0.FR]
	at org.springframework.web.servlet.FrameworkServlet.service(FrameworkServlet.java:883) ~[spring-webmvc-5.3.30.jar:5.3.30]
	at javax.servlet.http.HttpServlet.service(HttpServlet.java:623) ~[tomcat-embed-core-9.0.80.jar:4.0.FR]
	at org.apache.catalina.core.ApplicationFilterChain.internalDoFilter(ApplicationFilterChain.java:209) ~[tomcat-embed-core-9.0.80.jar:9.0.80]
	at org.apache.catalina.core.ApplicationFilterChain.doFilter(ApplicationFilterChain.java:153) ~[tomcat-embed-core-9.0.80.jar:9.0.80]
	at org.apache.tomcat.websocket.server.WsFilter.doFilter(WsFilter.java:51) ~[tomcat-embed-websocket-9.0.80.jar:9.0.80]
	at org.apache.catalina.core.ApplicationFilterChain.internalDoFilter(ApplicationFilterChain.java:178) ~[tomcat-embed-core-9.0.80.jar:9.0.80]
	at org.apache.catalina.core.ApplicationFilterChain.doFilter(ApplicationFilterChain.java:153) ~[tomcat-embed-core-9.0.80.jar:9.0.80]
	at org.springframework.web.filter.RequestContextFilter.doFilterInternal(RequestContextFilter.java:100) ~[spring-web-5.3.30.jar:5.3.30]
	at org.springframework.web.filter.OncePerRequestFilter.doFilter(OncePerRequestFilter.java:117) ~[spring-web-5.3.30.jar:5.3.30]
	at org.apache.catalina.core.ApplicationFilterChain.internalDoFilter(ApplicationFilterChain.java:178) ~[tomcat-embed-core-9.0.80.jar:9.0.80]
	at org.apache.catalina.core.ApplicationFilterChain.doFilter(ApplicationFilterChain.java:153) ~[tomcat-embed-core-9.0.80.jar:9.0.80]
	at org.springframework.web.filter.FormContentFilter.doFilterInternal(FormContentFilter.java:93) ~[spring-web-5.3.30.jar:5.3.30]
	at org.springframework.web.filter.OncePerRequestFilter.doFilter(OncePerRequestFilter.java:117) ~[spring-web-5.3.30.jar:5.3.30]
	at org.apache.catalina.core.ApplicationFilterChain.internalDoFilter(ApplicationFilterChain.java:178) ~[tomcat-embed-core-9.0.80.jar:9.0.80]
	at org.apache.catalina.core.ApplicationFilterChain.doFilter(ApplicationFilterChain.java:153) ~[tomcat-embed-core-9.0.80.jar:9.0.80]
	at org.springframework.boot.actuate.metrics.web.servlet.WebMvcMetricsFilter.doFilterInternal(WebMvcMetricsFilter.java:96) ~[spring-boot-actuator-2.7.16.jar:2.7.16]
	at org.springframework.web.filter.OncePerRequestFilter.doFilter(OncePerRequestFilter.java:117) ~[spring-web-5.3.30.jar:5.3.30]
	at org.apache.catalina.core.ApplicationFilterChain.internalDoFilter(ApplicationFilterChain.java:178) ~[tomcat-embed-core-9.0.80.jar:9.0.80]
	at org.apache.catalina.core.ApplicationFilterChain.doFilter(ApplicationFilterChain.java:153) ~[tomcat-embed-core-9.0.80.jar:9.0.80]
	at org.springframework.web.filter.CharacterEncodingFilter.doFilterInternal(CharacterEncodingFilter.java:201) ~[spring-web-5.3.30.jar:5.3.30]
	at org.springframework.web.filter.OncePerRequestFilter.doFilter(OncePerRequestFilter.java:117) ~[spring-web-5.3.30.jar:5.3.30]
	at org.apache.catalina.core.ApplicationFilterChain.internalDoFilter(ApplicationFilterChain.java:178) ~[tomcat-embed-core-9.0.80.jar:9.0.80]
	at org.apache.catalina.core.ApplicationFilterChain.doFilter(ApplicationFilterChain.java:153) ~[tomcat-embed-core-9.0.80.jar:9.0.80]
	at org.apache.catalina.core.StandardWrapperValve.invoke(StandardWrapperValve.java:168) ~[tomcat-embed-core-9.0.80.jar:9.0.80]
	at org.apache.catalina.core.StandardContextValve.invoke(StandardContextValve.java:90) ~[tomcat-embed-core-9.0.80.jar:9.0.80]
	at org.apache.catalina.authenticator.AuthenticatorBase.invoke(AuthenticatorBase.java:481) ~[tomcat-embed-core-9.0.80.jar:9.0.80]
	at org.apache.catalina.core.StandardHostValve.invoke(StandardHostValve.java:130) ~[tomcat-embed-core-9.0.80.jar:9.0.80]
	at org.apache.catalina.valves.ErrorReportValve.invoke(ErrorReportValve.java:93) ~[tomcat-embed-core-9.0.80.jar:9.0.80]
	at org.apache.catalina.core.StandardEngineValve.invoke(StandardEngineValve.java:74) ~[tomcat-embed-core-9.0.80.jar:9.0.80]
	at org.apache.catalina.connector.CoyoteAdapter.service(CoyoteAdapter.java:343) ~[tomcat-embed-core-9.0.80.jar:9.0.80]
	at org.apache.coyote.http11.Http11Processor.service(Http11Processor.java:390) ~[tomcat-embed-core-9.0.80.jar:9.0.80]
	at org.apache.coyote.AbstractProcessorLight.process(AbstractProcessorLight.java:63) ~[tomcat-embed-core-9.0.80.jar:9.0.80]
	at org.apache.coyote.AbstractProtocol$ConnectionHandler.process(AbstractProtocol.java:926) ~[tomcat-embed-core-9.0.80.jar:9.0.80]
	at org.apache.tomcat.util.net.NioEndpoint$SocketProcessor.doRun(NioEndpoint.java:1790) ~[tomcat-embed-core-9.0.80.jar:9.0.80]
	at org.apache.tomcat.util.net.SocketProcessorBase.run(SocketProcessorBase.java:52) ~[tomcat-embed-core-9.0.80.jar:9.0.80]
	at org.apache.tomcat.util.threads.ThreadPoolExecutor.runWorker(ThreadPoolExecutor.java:1191) ~[tomcat-embed-core-9.0.80.jar:9.0.80]
	at org.apache.tomcat.util.threads.ThreadPoolExecutor$Worker.run(ThreadPoolExecutor.java:659) ~[tomcat-embed-core-9.0.80.jar:9.0.80]
	at org.apache.tomcat.util.threads.TaskThread$WrappingRunnable.run(TaskThread.java:61) ~[tomcat-embed-core-9.0.80.jar:9.0.80]
	at java.base/java.lang.Thread.run(Thread.java:833) ~[na:na]

2023-09-24 11:26:33.177  INFO 4652 --- [http-nio-8080-exec-4] c.H.controllers.PatientController        : Received a request to create a new patient.
2023-09-24 11:26:33.614  INFO 4652 --- [http-nio-8080-exec-4] c.H.controllers.PatientController        : Patient created successfully.
2023-09-24 11:27:03.830  INFO 4652 --- [http-nio-8080-exec-5] c.H.controllers.PatientController        : Received a request to create a new patient.
2023-09-24 11:27:03.938  INFO 4652 --- [http-nio-8080-exec-5] c.H.controllers.PatientController        : Patient created successfully.
2023-09-24 11:27:12.523  INFO 4652 --- [http-nio-8080-exec-6] c.H.controllers.PatientController        : Received a request to create a new patient.
2023-09-24 11:27:12.609  INFO 4652 --- [http-nio-8080-exec-6] c.H.controllers.PatientController        : Patient created successfully.
2023-09-24 11:27:20.370  INFO 4652 --- [http-nio-8080-exec-7] c.H.controllers.PatientController        : Received a request to create a new patient.
2023-09-24 11:27:20.453  INFO 4652 --- [http-nio-8080-exec-7] c.H.controllers.PatientController        : Patient created successfully.
2023-09-24 11:27:30.792  INFO 4652 --- [http-nio-8080-exec-8] c.H.controllers.PatientController        : Received a request to create a new patient.
2023-09-24 11:27:30.853  INFO 4652 --- [http-nio-8080-exec-8] c.H.controllers.PatientController        : Patient created successfully.
2023-09-24 11:27:37.538  INFO 4652 --- [http-nio-8080-exec-9] c.H.controllers.PatientController        : Received a request to create a new patient.
2023-09-24 11:27:37.656  INFO 4652 --- [http-nio-8080-exec-9] c.H.controllers.PatientController        : Patient created successfully.
2023-09-24 11:28:56.295  INFO 4652 --- [http-nio-8080-exec-1] c.H.controllers.DoctorController         : Received a request to create a new doctor.
2023-09-24 11:28:56.437  INFO 4652 --- [http-nio-8080-exec-1] c.H.controllers.DoctorController         : Doctor registered successfully
2023-09-24 11:29:01.543  INFO 4652 --- [http-nio-8080-exec-3] c.H.controllers.DoctorController         : Received a request to create a new doctor.
2023-09-24 11:29:01.650  INFO 4652 --- [http-nio-8080-exec-3] c.H.controllers.DoctorController         : Doctor registered successfully
2023-09-24 11:29:19.490  INFO 4652 --- [http-nio-8080-exec-4] c.H.controllers.DoctorController         : Received a request to create a new doctor.
2023-09-24 11:29:19.616  INFO 4652 --- [http-nio-8080-exec-4] c.H.controllers.DoctorController         : Doctor registered successfully
2023-09-24 11:29:30.876  INFO 4652 --- [http-nio-8080-exec-5] c.H.controllers.DoctorController         : Received a request to create a new doctor.
2023-09-24 11:29:30.938  INFO 4652 --- [http-nio-8080-exec-5] c.H.controllers.DoctorController         : Doctor registered successfully
2023-09-24 11:29:38.671  INFO 4652 --- [http-nio-8080-exec-6] c.H.controllers.DoctorController         : Received a request to create a new doctor.
2023-09-24 11:29:38.739  INFO 4652 --- [http-nio-8080-exec-6] c.H.controllers.DoctorController         : Doctor registered successfully
2023-09-24 11:29:46.288  INFO 4652 --- [http-nio-8080-exec-7] c.H.controllers.DoctorController         : Received a request to create a new doctor.
2023-09-24 11:29:46.337  INFO 4652 --- [http-nio-8080-exec-7] c.H.controllers.DoctorController         : Doctor registered successfully
2023-09-24 11:29:52.717  INFO 4652 --- [http-nio-8080-exec-8] c.H.controllers.DoctorController         : Received a request to create a new doctor.
2023-09-24 11:29:52.786  INFO 4652 --- [http-nio-8080-exec-8] c.H.controllers.DoctorController         : Doctor registered successfully
2023-09-24 11:31:03.274  INFO 4652 --- [http-nio-8080-exec-2] c.H.controllers.InsuranceController      : Received a request to create a new Insurance.
2023-09-24 11:31:03.512  INFO 4652 --- [http-nio-8080-exec-2] c.H.controllers.InsuranceController      : Insurance registered successfully
2023-09-24 11:31:08.619  INFO 4652 --- [http-nio-8080-exec-1] c.H.controllers.InsuranceController      : Received a request to create a new Insurance.
2023-09-24 11:31:08.723  INFO 4652 --- [http-nio-8080-exec-1] c.H.controllers.InsuranceController      : Insurance registered successfully
2023-09-24 11:31:20.983  INFO 4652 --- [http-nio-8080-exec-3] c.H.controllers.InsuranceController      : Received a request to create a new Insurance.
2023-09-24 11:31:21.043  INFO 4652 --- [http-nio-8080-exec-3] c.H.controllers.InsuranceController      : Insurance registered successfully
2023-09-24 11:31:31.146  INFO 4652 --- [http-nio-8080-exec-4] c.H.controllers.InsuranceController      : Received a request to create a new Insurance.
2023-09-24 11:31:31.214  INFO 4652 --- [http-nio-8080-exec-4] c.H.controllers.InsuranceController      : Insurance registered successfully
2023-09-24 11:32:17.417  INFO 4652 --- [http-nio-8080-exec-5] c.H.controllers.InsuranceController      : Received a request to create a new Insurance.
2023-09-24 11:32:17.491  INFO 4652 --- [http-nio-8080-exec-5] c.H.controllers.InsuranceController      : Insurance registered successfully
2023-09-24 11:32:49.050  INFO 4652 --- [http-nio-8080-exec-6] c.H.controllers.MedicalRecordController  : Received a request to create a new medical record.
2023-09-24 11:32:49.134  INFO 4652 --- [http-nio-8080-exec-6] c.H.controllers.MedicalRecordController  : Medical Record registered successfully
2023-09-24 11:32:53.648  INFO 4652 --- [http-nio-8080-exec-7] c.H.controllers.MedicalRecordController  : Received a request to create a new medical record.
2023-09-24 11:32:53.736  INFO 4652 --- [http-nio-8080-exec-7] c.H.controllers.MedicalRecordController  : Medical Record registered successfully
2023-09-24 11:33:03.965  INFO 4652 --- [http-nio-8080-exec-8] c.H.controllers.MedicalRecordController  : Received a request to create a new medical record.
2023-09-24 11:33:04.049  INFO 4652 --- [http-nio-8080-exec-8] c.H.controllers.MedicalRecordController  : Medical Record registered successfully
2023-09-24 11:33:10.799  INFO 4652 --- [http-nio-8080-exec-9] c.H.controllers.MedicalRecordController  : Received a request to create a new medical record.
2023-09-24 11:33:10.895  INFO 4652 --- [http-nio-8080-exec-9] c.H.controllers.MedicalRecordController  : Medical Record registered successfully
2023-09-24 11:33:16.993  INFO 4652 --- [http-nio-8080-exec-10] c.H.controllers.MedicalRecordController  : Received a request to create a new medical record.
2023-09-24 11:33:17.087  INFO 4652 --- [http-nio-8080-exec-10] c.H.controllers.MedicalRecordController  : Medical Record registered successfully
2023-09-24 11:34:33.182  INFO 4652 --- [http-nio-8080-exec-3] c.H.controllers.AppointmentController    : Received a request to create a new appointment.
2023-09-24 11:34:33.346  INFO 4652 --- [http-nio-8080-exec-3] c.H.controllers.AppointmentController    : Appointment registered successfully
2023-09-24 11:34:36.604  INFO 4652 --- [http-nio-8080-exec-4] c.H.controllers.AppointmentController    : Received a request to create a new appointment.
2023-09-24 11:34:36.746  INFO 4652 --- [http-nio-8080-exec-4] c.H.controllers.AppointmentController    : Appointment registered successfully
2023-09-24 11:34:55.765  INFO 4652 --- [http-nio-8080-exec-5] c.H.controllers.AppointmentController    : Received a request to create a new appointment.
2023-09-24 11:34:55.893  INFO 4652 --- [http-nio-8080-exec-5] c.H.controllers.AppointmentController    : Appointment registered successfully
2023-09-24 11:35:02.646  INFO 4652 --- [http-nio-8080-exec-6] c.H.controllers.AppointmentController    : Received a request to create a new appointment.
2023-09-24 11:35:02.767  INFO 4652 --- [http-nio-8080-exec-6] c.H.controllers.AppointmentController    : Appointment registered successfully
2023-09-24 11:35:08.189  INFO 4652 --- [http-nio-8080-exec-7] c.H.controllers.AppointmentController    : Received a request to create a new appointment.
2023-09-24 11:35:08.390  INFO 4652 --- [http-nio-8080-exec-7] c.H.controllers.AppointmentController    : Appointment registered successfully
2023-09-24 11:35:14.986  INFO 4652 --- [http-nio-8080-exec-8] c.H.controllers.AppointmentController    : Received a request to create a new appointment.
2023-09-24 11:35:15.007 ERROR 4652 --- [http-nio-8080-exec-8] c.H.controllers.AppointmentController    : An error occurred while creating a appointment: The given id must not be null!; nested exception is java.lang.IllegalArgumentException: The given id must not be null!

org.springframework.dao.InvalidDataAccessApiUsageException: The given id must not be null!; nested exception is java.lang.IllegalArgumentException: The given id must not be null!
	at org.springframework.orm.jpa.EntityManagerFactoryUtils.convertJpaAccessExceptionIfPossible(EntityManagerFactoryUtils.java:374) ~[spring-orm-5.3.30.jar:5.3.30]
	at org.springframework.orm.jpa.vendor.HibernateJpaDialect.translateExceptionIfPossible(HibernateJpaDialect.java:235) ~[spring-orm-5.3.30.jar:5.3.30]
	at org.springframework.orm.jpa.AbstractEntityManagerFactoryBean.translateExceptionIfPossible(AbstractEntityManagerFactoryBean.java:551) ~[spring-orm-5.3.30.jar:5.3.30]
	at org.springframework.dao.support.ChainedPersistenceExceptionTranslator.translateExceptionIfPossible(ChainedPersistenceExceptionTranslator.java:61) ~[spring-tx-5.3.30.jar:5.3.30]
	at org.springframework.dao.support.DataAccessUtils.translateIfNecessary(DataAccessUtils.java:243) ~[spring-tx-5.3.30.jar:5.3.30]
	at org.springframework.dao.support.PersistenceExceptionTranslationInterceptor.invoke(PersistenceExceptionTranslationInterceptor.java:152) ~[spring-tx-5.3.30.jar:5.3.30]
	at org.springframework.aop.framework.ReflectiveMethodInvocation.proceed(ReflectiveMethodInvocation.java:186) ~[spring-aop-5.3.30.jar:5.3.30]
	at org.springframework.data.jpa.repository.support.CrudMethodMetadataPostProcessor$CrudMethodMetadataPopulatingMethodInterceptor.invoke(CrudMethodMetadataPostProcessor.java:174) ~[spring-data-jpa-2.7.16.jar:2.7.16]
	at org.springframework.aop.framework.ReflectiveMethodInvocation.proceed(ReflectiveMethodInvocation.java:186) ~[spring-aop-5.3.30.jar:5.3.30]
	at org.springframework.aop.interceptor.ExposeInvocationInterceptor.invoke(ExposeInvocationInterceptor.java:97) ~[spring-aop-5.3.30.jar:5.3.30]
	at org.springframework.aop.framework.ReflectiveMethodInvocation.proceed(ReflectiveMethodInvocation.java:186) ~[spring-aop-5.3.30.jar:5.3.30]
	at org.springframework.aop.framework.JdkDynamicAopProxy.invoke(JdkDynamicAopProxy.java:241) ~[spring-aop-5.3.30.jar:5.3.30]
	at jdk.proxy3/jdk.proxy3.$Proxy142.findById(Unknown Source) ~[na:na]
	at com.Hospital_Management_System.services.impl.AppointmentServiceImpl.createAppointment(AppointmentServiceImpl.java:45) ~[classes/:na]
	at com.Hospital_Management_System.controllers.AppointmentController.createAppointment(AppointmentController.java:32) ~[classes/:na]
	at java.base/jdk.internal.reflect.NativeMethodAccessorImpl.invoke0(Native Method) ~[na:na]
	at java.base/jdk.internal.reflect.NativeMethodAccessorImpl.invoke(NativeMethodAccessorImpl.java:77) ~[na:na]
	at java.base/jdk.internal.reflect.DelegatingMethodAccessorImpl.invoke(DelegatingMethodAccessorImpl.java:43) ~[na:na]
	at java.base/java.lang.reflect.Method.invoke(Method.java:568) ~[na:na]
	at org.springframework.web.method.support.InvocableHandlerMethod.doInvoke(InvocableHandlerMethod.java:205) ~[spring-web-5.3.30.jar:5.3.30]
	at org.springframework.web.method.support.InvocableHandlerMethod.invokeForRequest(InvocableHandlerMethod.java:150) ~[spring-web-5.3.30.jar:5.3.30]
	at org.springframework.web.servlet.mvc.method.annotation.ServletInvocableHandlerMethod.invokeAndHandle(ServletInvocableHandlerMethod.java:117) ~[spring-webmvc-5.3.30.jar:5.3.30]
	at org.springframework.web.servlet.mvc.method.annotation.RequestMappingHandlerAdapter.invokeHandlerMethod(RequestMappingHandlerAdapter.java:895) ~[spring-webmvc-5.3.30.jar:5.3.30]
	at org.springframework.web.servlet.mvc.method.annotation.RequestMappingHandlerAdapter.handleInternal(RequestMappingHandlerAdapter.java:808) ~[spring-webmvc-5.3.30.jar:5.3.30]
	at org.springframework.web.servlet.mvc.method.AbstractHandlerMethodAdapter.handle(AbstractHandlerMethodAdapter.java:87) ~[spring-webmvc-5.3.30.jar:5.3.30]
	at org.springframework.web.servlet.DispatcherServlet.doDispatch(DispatcherServlet.java:1072) ~[spring-webmvc-5.3.30.jar:5.3.30]
	at org.springframework.web.servlet.DispatcherServlet.doService(DispatcherServlet.java:965) ~[spring-webmvc-5.3.30.jar:5.3.30]
	at org.springframework.web.servlet.FrameworkServlet.processRequest(FrameworkServlet.java:1006) ~[spring-webmvc-5.3.30.jar:5.3.30]
	at org.springframework.web.servlet.FrameworkServlet.doPost(FrameworkServlet.java:909) ~[spring-webmvc-5.3.30.jar:5.3.30]
	at javax.servlet.http.HttpServlet.service(HttpServlet.java:555) ~[tomcat-embed-core-9.0.80.jar:4.0.FR]
	at org.springframework.web.servlet.FrameworkServlet.service(FrameworkServlet.java:883) ~[spring-webmvc-5.3.30.jar:5.3.30]
	at javax.servlet.http.HttpServlet.service(HttpServlet.java:623) ~[tomcat-embed-core-9.0.80.jar:4.0.FR]
	at org.apache.catalina.core.ApplicationFilterChain.internalDoFilter(ApplicationFilterChain.java:209) ~[tomcat-embed-core-9.0.80.jar:9.0.80]
	at org.apache.catalina.core.ApplicationFilterChain.doFilter(ApplicationFilterChain.java:153) ~[tomcat-embed-core-9.0.80.jar:9.0.80]
	at org.apache.tomcat.websocket.server.WsFilter.doFilter(WsFilter.java:51) ~[tomcat-embed-websocket-9.0.80.jar:9.0.80]
	at org.apache.catalina.core.ApplicationFilterChain.internalDoFilter(ApplicationFilterChain.java:178) ~[tomcat-embed-core-9.0.80.jar:9.0.80]
	at org.apache.catalina.core.ApplicationFilterChain.doFilter(ApplicationFilterChain.java:153) ~[tomcat-embed-core-9.0.80.jar:9.0.80]
	at org.springframework.web.filter.RequestContextFilter.doFilterInternal(RequestContextFilter.java:100) ~[spring-web-5.3.30.jar:5.3.30]
	at org.springframework.web.filter.OncePerRequestFilter.doFilter(OncePerRequestFilter.java:117) ~[spring-web-5.3.30.jar:5.3.30]
	at org.apache.catalina.core.ApplicationFilterChain.internalDoFilter(ApplicationFilterChain.java:178) ~[tomcat-embed-core-9.0.80.jar:9.0.80]
	at org.apache.catalina.core.ApplicationFilterChain.doFilter(ApplicationFilterChain.java:153) ~[tomcat-embed-core-9.0.80.jar:9.0.80]
	at org.springframework.web.filter.FormContentFilter.doFilterInternal(FormContentFilter.java:93) ~[spring-web-5.3.30.jar:5.3.30]
	at org.springframework.web.filter.OncePerRequestFilter.doFilter(OncePerRequestFilter.java:117) ~[spring-web-5.3.30.jar:5.3.30]
	at org.apache.catalina.core.ApplicationFilterChain.internalDoFilter(ApplicationFilterChain.java:178) ~[tomcat-embed-core-9.0.80.jar:9.0.80]
	at org.apache.catalina.core.ApplicationFilterChain.doFilter(ApplicationFilterChain.java:153) ~[tomcat-embed-core-9.0.80.jar:9.0.80]
	at org.springframework.boot.actuate.metrics.web.servlet.WebMvcMetricsFilter.doFilterInternal(WebMvcMetricsFilter.java:96) ~[spring-boot-actuator-2.7.16.jar:2.7.16]
	at org.springframework.web.filter.OncePerRequestFilter.doFilter(OncePerRequestFilter.java:117) ~[spring-web-5.3.30.jar:5.3.30]
	at org.apache.catalina.core.ApplicationFilterChain.internalDoFilter(ApplicationFilterChain.java:178) ~[tomcat-embed-core-9.0.80.jar:9.0.80]
	at org.apache.catalina.core.ApplicationFilterChain.doFilter(ApplicationFilterChain.java:153) ~[tomcat-embed-core-9.0.80.jar:9.0.80]
	at org.springframework.web.filter.CharacterEncodingFilter.doFilterInternal(CharacterEncodingFilter.java:201) ~[spring-web-5.3.30.jar:5.3.30]
	at org.springframework.web.filter.OncePerRequestFilter.doFilter(OncePerRequestFilter.java:117) ~[spring-web-5.3.30.jar:5.3.30]
	at org.apache.catalina.core.ApplicationFilterChain.internalDoFilter(ApplicationFilterChain.java:178) ~[tomcat-embed-core-9.0.80.jar:9.0.80]
	at org.apache.catalina.core.ApplicationFilterChain.doFilter(ApplicationFilterChain.java:153) ~[tomcat-embed-core-9.0.80.jar:9.0.80]
	at org.apache.catalina.core.StandardWrapperValve.invoke(StandardWrapperValve.java:168) ~[tomcat-embed-core-9.0.80.jar:9.0.80]
	at org.apache.catalina.core.StandardContextValve.invoke(StandardContextValve.java:90) ~[tomcat-embed-core-9.0.80.jar:9.0.80]
	at org.apache.catalina.authenticator.AuthenticatorBase.invoke(AuthenticatorBase.java:481) ~[tomcat-embed-core-9.0.80.jar:9.0.80]
	at org.apache.catalina.core.StandardHostValve.invoke(StandardHostValve.java:130) ~[tomcat-embed-core-9.0.80.jar:9.0.80]
	at org.apache.catalina.valves.ErrorReportValve.invoke(ErrorReportValve.java:93) ~[tomcat-embed-core-9.0.80.jar:9.0.80]
	at org.apache.catalina.core.StandardEngineValve.invoke(StandardEngineValve.java:74) ~[tomcat-embed-core-9.0.80.jar:9.0.80]
	at org.apache.catalina.connector.CoyoteAdapter.service(CoyoteAdapter.java:343) ~[tomcat-embed-core-9.0.80.jar:9.0.80]
	at org.apache.coyote.http11.Http11Processor.service(Http11Processor.java:390) ~[tomcat-embed-core-9.0.80.jar:9.0.80]
	at org.apache.coyote.AbstractProcessorLight.process(AbstractProcessorLight.java:63) ~[tomcat-embed-core-9.0.80.jar:9.0.80]
	at org.apache.coyote.AbstractProtocol$ConnectionHandler.process(AbstractProtocol.java:926) ~[tomcat-embed-core-9.0.80.jar:9.0.80]
	at org.apache.tomcat.util.net.NioEndpoint$SocketProcessor.doRun(NioEndpoint.java:1790) ~[tomcat-embed-core-9.0.80.jar:9.0.80]
	at org.apache.tomcat.util.net.SocketProcessorBase.run(SocketProcessorBase.java:52) ~[tomcat-embed-core-9.0.80.jar:9.0.80]
	at org.apache.tomcat.util.threads.ThreadPoolExecutor.runWorker(ThreadPoolExecutor.java:1191) ~[tomcat-embed-core-9.0.80.jar:9.0.80]
	at org.apache.tomcat.util.threads.ThreadPoolExecutor$Worker.run(ThreadPoolExecutor.java:659) ~[tomcat-embed-core-9.0.80.jar:9.0.80]
	at org.apache.tomcat.util.threads.TaskThread$WrappingRunnable.run(TaskThread.java:61) ~[tomcat-embed-core-9.0.80.jar:9.0.80]
	at java.base/java.lang.Thread.run(Thread.java:833) ~[na:na]
Caused by: java.lang.IllegalArgumentException: The given id must not be null!
	at org.springframework.util.Assert.notNull(Assert.java:201) ~[spring-core-5.3.30.jar:5.3.30]
	at org.springframework.data.jpa.repository.support.SimpleJpaRepository.findById(SimpleJpaRepository.java:322) ~[spring-data-jpa-2.7.16.jar:2.7.16]
	at jdk.internal.reflect.GeneratedMethodAccessor31.invoke(Unknown Source) ~[na:na]
	at java.base/jdk.internal.reflect.DelegatingMethodAccessorImpl.invoke(DelegatingMethodAccessorImpl.java:43) ~[na:na]
	at java.base/java.lang.reflect.Method.invoke(Method.java:568) ~[na:na]
	at org.springframework.data.repository.core.support.RepositoryMethodInvoker$RepositoryFragmentMethodInvoker.lambda$new$0(RepositoryMethodInvoker.java:289) ~[spring-data-commons-2.7.16.jar:2.7.16]
	at org.springframework.data.repository.core.support.RepositoryMethodInvoker.doInvoke(RepositoryMethodInvoker.java:137) ~[spring-data-commons-2.7.16.jar:2.7.16]
	at org.springframework.data.repository.core.support.RepositoryMethodInvoker.invoke(RepositoryMethodInvoker.java:121) ~[spring-data-commons-2.7.16.jar:2.7.16]
	at org.springframework.data.repository.core.support.RepositoryComposition$RepositoryFragments.invoke(RepositoryComposition.java:530) ~[spring-data-commons-2.7.16.jar:2.7.16]
	at org.springframework.data.repository.core.support.RepositoryComposition.invoke(RepositoryComposition.java:286) ~[spring-data-commons-2.7.16.jar:2.7.16]
	at org.springframework.data.repository.core.support.RepositoryFactorySupport$ImplementationMethodExecutionInterceptor.invoke(RepositoryFactorySupport.java:640) ~[spring-data-commons-2.7.16.jar:2.7.16]
	at org.springframework.aop.framework.ReflectiveMethodInvocation.proceed(ReflectiveMethodInvocation.java:186) ~[spring-aop-5.3.30.jar:5.3.30]
	at org.springframework.data.repository.core.support.QueryExecutorMethodInterceptor.doInvoke(QueryExecutorMethodInterceptor.java:164) ~[spring-data-commons-2.7.16.jar:2.7.16]
	at org.springframework.data.repository.core.support.QueryExecutorMethodInterceptor.invoke(QueryExecutorMethodInterceptor.java:139) ~[spring-data-commons-2.7.16.jar:2.7.16]
	at org.springframework.aop.framework.ReflectiveMethodInvocation.proceed(ReflectiveMethodInvocation.java:186) ~[spring-aop-5.3.30.jar:5.3.30]
	at org.springframework.data.projection.DefaultMethodInvokingMethodInterceptor.invoke(DefaultMethodInvokingMethodInterceptor.java:76) ~[spring-data-commons-2.7.16.jar:2.7.16]
	at org.springframework.aop.framework.ReflectiveMethodInvocation.proceed(ReflectiveMethodInvocation.java:186) ~[spring-aop-5.3.30.jar:5.3.30]
	at org.springframework.transaction.interceptor.TransactionInterceptor$1.proceedWithInvocation(TransactionInterceptor.java:123) ~[spring-tx-5.3.30.jar:5.3.30]
	at org.springframework.transaction.interceptor.TransactionAspectSupport.invokeWithinTransaction(TransactionAspectSupport.java:388) ~[spring-tx-5.3.30.jar:5.3.30]
	at org.springframework.transaction.interceptor.TransactionInterceptor.invoke(TransactionInterceptor.java:119) ~[spring-tx-5.3.30.jar:5.3.30]
	at org.springframework.aop.framework.ReflectiveMethodInvocation.proceed(ReflectiveMethodInvocation.java:186) ~[spring-aop-5.3.30.jar:5.3.30]
	at org.springframework.dao.support.PersistenceExceptionTranslationInterceptor.invoke(PersistenceExceptionTranslationInterceptor.java:137) ~[spring-tx-5.3.30.jar:5.3.30]
	... 63 common frames omitted

2023-09-24 11:35:47.513  INFO 4652 --- [http-nio-8080-exec-10] c.H.c.AppointmentSlotController          : Received a request to create a new Slot.
2023-09-24 11:35:47.595  INFO 4652 --- [http-nio-8080-exec-10] c.H.c.AppointmentSlotController          : Slot registered successfully
2023-09-24 11:35:56.238  INFO 4652 --- [http-nio-8080-exec-2] c.H.c.AppointmentSlotController          : Received a request to create a new Slot.
2023-09-24 11:35:56.303  INFO 4652 --- [http-nio-8080-exec-2] c.H.c.AppointmentSlotController          : Slot registered successfully
2023-09-24 11:36:04.368  INFO 4652 --- [http-nio-8080-exec-1] c.H.c.AppointmentSlotController          : Received a request to create a new Slot.
2023-09-24 11:36:04.481  INFO 4652 --- [http-nio-8080-exec-1] c.H.c.AppointmentSlotController          : Slot registered successfully
2023-09-24 11:36:09.668  INFO 4652 --- [http-nio-8080-exec-3] c.H.c.AppointmentSlotController          : Received a request to create a new Slot.
2023-09-24 11:36:09.737  INFO 4652 --- [http-nio-8080-exec-3] c.H.c.AppointmentSlotController          : Slot registered successfully
2023-09-24 11:36:56.974  INFO 4652 --- [http-nio-8080-exec-4] c.H.controllers.BillingController        : Received a request to create a new bill.
2023-09-24 11:36:57.033  INFO 4652 --- [http-nio-8080-exec-4] c.H.controllers.BillingController        : Bill generated successfully
2023-09-24 11:37:00.219  INFO 4652 --- [http-nio-8080-exec-5] c.H.controllers.BillingController        : Received a request to create a new bill.
2023-09-24 11:37:00.284  INFO 4652 --- [http-nio-8080-exec-5] c.H.controllers.BillingController        : Bill generated successfully
2023-09-24 11:37:07.281  INFO 4652 --- [http-nio-8080-exec-6] c.H.controllers.BillingController        : Received a request to create a new bill.
2023-09-24 11:37:07.363  INFO 4652 --- [http-nio-8080-exec-6] c.H.controllers.BillingController        : Bill generated successfully
2023-09-24 11:37:13.462  INFO 4652 --- [http-nio-8080-exec-7] c.H.controllers.BillingController        : Received a request to create a new bill.
2023-09-24 11:37:13.532  INFO 4652 --- [http-nio-8080-exec-7] c.H.controllers.BillingController        : Bill generated successfully
2023-09-24 12:57:30.890  WARN 4652 --- [HikariPool-1 housekeeper] com.zaxxer.hikari.pool.HikariPool        : HikariPool-1 - Thread starvation or clock leap detected (housekeeper delta=1h19m33s543ms46µs300ns).
2023-09-24 12:57:32.072  INFO 4652 --- [http-nio-8080-exec-9] c.H.controllers.PatientController        : Received a request to retrieve patient by ID: 1
2023-09-24 12:57:32.358  INFO 4652 --- [http-nio-8080-exec-9] c.H.controllers.PatientController        : Patient found and retrieved successfully.
2023-09-24 12:57:53.099  INFO 4652 --- [http-nio-8080-exec-10] c.H.controllers.PatientController        : Received a request to retrieve patient by ID: 2
2023-09-24 12:57:53.123  INFO 4652 --- [http-nio-8080-exec-10] c.H.controllers.PatientController        : Patient found and retrieved successfully.
2023-09-24 12:58:14.294  INFO 4652 --- [http-nio-8080-exec-2] c.H.controllers.PatientController        : Received a request to retrieve patient by ID: 3
2023-09-24 12:58:14.316  INFO 4652 --- [http-nio-8080-exec-2] c.H.controllers.PatientController        : Patient found and retrieved successfully.
2023-09-24 12:59:06.340  INFO 4652 --- [SpringApplicationShutdownHook] j.LocalContainerEntityManagerFactoryBean : Closing JPA EntityManagerFactory for persistence unit 'default'
2023-09-24 12:59:06.348  INFO 4652 --- [SpringApplicationShutdownHook] com.zaxxer.hikari.HikariDataSource       : HikariPool-1 - Shutdown initiated...
2023-09-24 12:59:06.360  INFO 4652 --- [SpringApplicationShutdownHook] com.zaxxer.hikari.HikariDataSource       : HikariPool-1 - Shutdown completed.
